<beans xmlns = "http://www.springframework.org/schema/beans"
  xmlns:context = "http://www.springframework.org/schema/context"
  xmlns:xsi = "http://www.w3.org/2001/XMLSchema-instance"
  xmlns:mvc="http://www.springframework.org/schema/mvc"
  xmlns:beans="http://www.springframework.org/schema/beans"
  xmlns:jdbc="http://www.springframework.org/schema/jdbc"
  xsi:schemaLocation = "http://www.springframework.org/schema/beans     
  http://www.springframework.org/schema/beans/spring-beans-3.0.xsd
  http://www.springframework.org/schema/context 
  http://www.springframework.org/schema/context/spring-context-3.0.xsd
  http://www.springframework.org/schema/mvc
  http://www.springframework.org/schema/mvc/spring-mvc.xsd
  http://www.springframework.org/schema/jdbc
  http://www.springframework.org/schema/jdbc/spring-jdbc-3.0.xsd">

  <context:component-scan base-package="com.mel"/>

  <bean class="org.springframework.web.servlet.view.InternalResourceViewResolver">
    <property name="prefix" value="/WEB-INF/jsp/"/>
    <property name="suffix" value=".jsp"/>
    <property name="order" value="1" />
  </bean>

  <jdbc:embedded-database id="dataSource" type="H2">
    <jdbc:script location="classpath:db/sql/create-db.sql" />
    <jdbc:script location="classpath:db/sql/insert-data.sql" />
  </jdbc:embedded-database>

  <bean id="jdbcTemplate" class="org.springframework.jdbc.core.JdbcTemplate">
    <property name="dataSource" ref="dataSource"/>
  </bean>

  <mvc:resources mapping="/resources/**" location="/resources/" />
  <mvc:annotation-driven />

  <!-- Configure to plugin JSON as request and response in method handler -->
  <beans:bean class="org.springframework.web.servlet.mvc.method.annotation.RequestMappingHandlerAdapter">
    <beans:property name="messageConverters">
      <beans:list>
        <beans:ref bean="jsonMessageConverter"/>
      </beans:list>
    </beans:property>
  </beans:bean>

  <!-- Configure bean to convert JSON to POJO and vice versa -->
  <beans:bean id="jsonMessageConverter" class="org.springframework.http.converter.json.MappingJackson2HttpMessageConverter">
  </beans:bean>	

</beans>